<?xml version="1.0" encoding="UTF-8"?>
<testng-results ignored="0" total="1" passed="1" failed="0" skipped="0">
  <reporter-output>
  </reporter-output>
  <suite started-at="2021-06-19T13:20:30Z" name="Default suite" finished-at="2021-06-19T13:20:57Z" duration-ms="27626">
    <groups>
    </groups>
    <test started-at="2021-06-19T13:20:30Z" name="Default test" finished-at="2021-06-19T13:20:57Z" duration-ms="27626">
      <class name="com.automation.Login">
        <test-method is-config="true" signature="setDriver()[pri:0, instance:com.automation.Login@10cf09e8]" started-at="2021-06-19T13:20:27Z" name="setDriver" finished-at="2021-06-19T13:20:30Z" duration-ms="2194" status="PASS">
          <reporter-output>
          </reporter-output>
        </test-method> <!-- setDriver -->
        <test-method signature="Test()[pri:0, instance:com.automation.Login@10cf09e8]" started-at="2021-06-19T13:20:30Z" name="Test" finished-at="2021-06-19T13:20:57Z" duration-ms="27582" status="PASS">
          <reporter-output>
          </reporter-output>
        </test-method> <!-- Test -->
        <test-method is-config="true" signature="close()[pri:0, instance:com.automation.Login@10cf09e8]" started-at="2021-06-19T13:20:57Z" name="close" finished-at="2021-06-19T13:20:58Z" duration-ms="184" status="PASS">
          <reporter-output>
          </reporter-output>
        </test-method> <!-- close -->
      </class> <!-- com.automation.Login -->
    </test> <!-- Default test -->
  </suite> <!-- Default suite -->
</testng-results>
